[0m04:36:01.411200 [debug] [MainThread]: Sending event: {'category': 'dbt', 'action': 'invocation', 'label': 'start', 'context': [<snowplow_tracker.self_describing_json.SelfDescribingJson object at 0x72a58dc885c0>, <snowplow_tracker.self_describing_json.SelfDescribingJson object at 0x72a58b68b950>, <snowplow_tracker.self_describing_json.SelfDescribingJson object at 0x72a58c440800>]}


============================== 04:36:01.417178 | a5fa63dd-f994-44c4-b2ff-e7be1540a858 ==============================
[0m04:36:01.417178 [info ] [MainThread]: Running with dbt=1.11.12
[0m04:36:01.418366 [debug] [MainThread]: running dbt with arguments {'send_anonymous_usage_stats': 'True', 'empty': 'None', 'cache_selected_only': 'False', 'fail_fast': 'False', 'log_path': 'logs', 'printer_width': '80', 'log_format': 'default', 'warn_error': 'None', 'use_experimental_parser': 'False', 'warn_error_options': 'WarnErrorOptionsV2(error=[], warn=[], silence=[])', 'introspect': 'True', 'write_json': 'True', 'indirect_selection': 'eager', 'use_colors': 'True', 'quiet': 'False', 'target_path': 'None', 'no_print': 'None', 'profiles_dir': '/home/codespace/.dbt', 'version_check': 'True', 'log_cache_events': 'False', 'debug': 'False', 'partial_parse': 'True', 'invocation_command': 'dbt init northwind_dw_duckdb', 'static_parser': 'True'}
[0m04:36:01.438606 [info ] [MainThread]: Creating dbt configuration folder at /home/codespace/.dbt
[0m04:36:01.440962 [debug] [MainThread]: Starter project path: /workspaces/DW_lab_6730202663/.venv/lib/python3.12/site-packages/dbt/include/starter_project
[0m04:36:01.446968 [info ] [MainThread]: 
Your new dbt project "northwind_dw_duckdb" was created!

For more information on how to configure the profiles.yml file,
please consult the dbt documentation here:

  https://docs.getdbt.com/docs/configure-your-profile

One more thing:

Need help? Don't hesitate to reach out to us via GitHub issues or on Slack:

  https://community.getdbt.com/

Happy modeling!

[0m04:36:01.447936 [info ] [MainThread]: Setting up your profile.
[0m04:38:10.985908 [info ] [MainThread]: Profile northwind_dw_duckdb written to /home/codespace/.dbt/profiles.yml using target's sample configuration. Once updated, you'll be able to start developing with dbt.
[0m04:38:10.987878 [debug] [MainThread]: Resource report: {"command_name": "init", "command_success": true, "command_wall_clock_time": 129.65237, "process_in_blocks": "42800", "process_kernel_time": 0.281392, "process_mem_max_rss": "132940", "process_out_blocks": "80", "process_user_time": 1.953192}
[0m04:38:10.988623 [debug] [MainThread]: Command `dbt init` succeeded at 04:38:10.988459 after 129.65 seconds
[0m04:38:10.989223 [debug] [MainThread]: Sending event: {'category': 'dbt', 'action': 'invocation', 'label': 'end', 'context': [<snowplow_tracker.self_describing_json.SelfDescribingJson object at 0x72a58f72bbc0>, <snowplow_tracker.self_describing_json.SelfDescribingJson object at 0x72a58b0ae8a0>, <snowplow_tracker.self_describing_json.SelfDescribingJson object at 0x72a58b07a240>]}
[0m04:38:10.989910 [debug] [MainThread]: Flushing usage events
[0m04:38:11.979166 [debug] [MainThread]: An error was encountered while trying to flush usage events
[0m04:44:24.851056 [debug] [MainThread]: Sending event: {'category': 'dbt', 'action': 'invocation', 'label': 'start', 'context': [<snowplow_tracker.self_describing_json.SelfDescribingJson object at 0x79f41146c680>, <snowplow_tracker.self_describing_json.SelfDescribingJson object at 0x79f411594aa0>, <snowplow_tracker.self_describing_json.SelfDescribingJson object at 0x79f40f48f5f0>]}


============================== 04:44:24.861235 | d5133002-db00-46f9-a9a5-3b2fa69c929e ==============================
[0m04:44:24.861235 [info ] [MainThread]: Running with dbt=1.11.12
[0m04:44:24.862530 [debug] [MainThread]: running dbt with arguments {'invocation_command': 'dbt debug', 'printer_width': '80', 'log_format': 'default', 'write_json': 'True', 'profiles_dir': '/home/codespace/.dbt', 'warn_error': 'None', 'indirect_selection': 'eager', 'quiet': 'False', 'partial_parse': 'True', 'empty': 'None', 'no_print': 'None', 'target_path': 'None', 'warn_error_options': 'WarnErrorOptionsV2(error=[], warn=[], silence=[])', 'log_cache_events': 'False', 'version_check': 'True', 'debug': 'False', 'use_colors': 'True', 'fail_fast': 'False', 'introspect': 'True', 'cache_selected_only': 'False', 'log_path': 'logs', 'send_anonymous_usage_stats': 'True', 'use_experimental_parser': 'False', 'static_parser': 'True'}
[0m04:44:24.880467 [info ] [MainThread]: dbt version: 1.11.12
[0m04:44:24.883203 [info ] [MainThread]: python version: 3.12.1
[0m04:44:24.885877 [info ] [MainThread]: python path: /workspaces/DW_lab_6730202663/.venv/bin/python3
[0m04:44:24.888929 [info ] [MainThread]: os info: Linux-6.8.0-1052-azure-x86_64-with-glibc2.39
[0m04:44:25.347672 [info ] [MainThread]: Using profiles dir at /home/codespace/.dbt
[0m04:44:25.348498 [info ] [MainThread]: Using profiles.yml file at /home/codespace/.dbt/profiles.yml
[0m04:44:25.350096 [info ] [MainThread]: Using dbt_project.yml file at /workspaces/DW_lab_6730202663/dbt_project.yml
[0m04:44:25.352931 [info ] [MainThread]: adapter type: duckdb
[0m04:44:25.353506 [info ] [MainThread]: adapter version: 1.10.1
[0m04:44:25.354107 [info ] [MainThread]: Configuration:
[0m04:44:25.356220 [info ] [MainThread]:   profiles.yml file [[32mOK found and valid[0m]
[0m04:44:25.356866 [info ] [MainThread]:   dbt_project.yml file [[31mERROR not found[0m]
[0m04:44:25.357509 [info ] [MainThread]: Required dependencies:
[0m04:44:25.358147 [debug] [MainThread]: Executing "git --help"
[0m04:44:25.362072 [debug] [MainThread]: STDOUT: "b"usage: git [-v | --version] [-h | --help] [-C <path>] [-c <name>=<value>]\n           [--exec-path[=<path>]] [--html-path] [--man-path] [--info-path]\n           [-p | --paginate | -P | --no-pager] [--no-replace-objects] [--no-lazy-fetch]\n           [--no-optional-locks] [--no-advice] [--bare] [--git-dir=<path>]\n           [--work-tree=<path>] [--namespace=<name>] [--config-env=<name>=<envvar>]\n           <command> [<args>]\n\nThese are common Git commands used in various situations:\n\nstart a working area (see also: git help tutorial)\n   clone      Clone a repository into a new directory\n   init       Create an empty Git repository or reinitialize an existing one\n\nwork on the current change (see also: git help everyday)\n   add        Add file contents to the index\n   mv         Move or rename a file, a directory, or a symlink\n   restore    Restore working tree files\n   rm         Remove files from the working tree and from the index\n\nexamine the history and state (see also: git help revisions)\n   bisect     Use binary search to find the commit that introduced a bug\n   diff       Show changes between commits, commit and working tree, etc\n   grep       Print lines matching a pattern\n   log        Show commit logs\n   show       Show various types of objects\n   status     Show the working tree status\n\ngrow, mark and tweak your common history\n   backfill   Download missing objects in a partial clone\n   branch     List, create, or delete branches\n   commit     Record changes to the repository\n   merge      Join two or more development histories together\n   rebase     Reapply commits on top of another base tip\n   reset      Set `HEAD` or the index to a known state\n   switch     Switch branches\n   tag        Create, list, delete or verify tags\n\ncollaborate (see also: git help workflows)\n   fetch      Download objects and refs from another repository\n   pull       Fetch from and integrate with another repository or a local branch\n   push       Update remote refs along with associated objects\n\n'git help -a' and 'git help -g' list available subcommands and some\nconcept guides. See 'git help <command>' or 'git help <concept>'\nto read about a specific subcommand or concept.\nSee 'git help git' for an overview of the system.\n""
[0m04:44:25.363570 [debug] [MainThread]: STDERR: "b''"
[0m04:44:25.364206 [info ] [MainThread]:  - git [[32mOK found[0m]

[0m04:44:25.364866 [info ] [MainThread]: Connection:
[0m04:44:25.367598 [info ] [MainThread]:   database: dev
[0m04:44:25.368296 [info ] [MainThread]:   schema: main
[0m04:44:25.368948 [info ] [MainThread]:   path: dev.duckdb
[0m04:44:25.369985 [info ] [MainThread]:   config_options: None
[0m04:44:25.370748 [info ] [MainThread]:   extensions: None
[0m04:44:25.373176 [info ] [MainThread]:   settings: {}
[0m04:44:25.373920 [info ] [MainThread]:   external_root: .
[0m04:44:25.374955 [info ] [MainThread]:   use_credential_provider: None
[0m04:44:25.375626 [info ] [MainThread]:   attach: None
[0m04:44:25.376269 [info ] [MainThread]:   filesystems: None
[0m04:44:25.376987 [info ] [MainThread]:   remote: None
[0m04:44:25.377583 [info ] [MainThread]:   plugins: None
[0m04:44:25.378694 [info ] [MainThread]:   disable_transactions: False
[0m04:44:25.379682 [info ] [MainThread]: Registered adapter: duckdb=1.10.1
[0m04:44:25.655363 [debug] [MainThread]: Acquiring new duckdb connection 'debug'
[0m04:44:25.693282 [debug] [MainThread]: Using duckdb connection "debug"
[0m04:44:25.694072 [debug] [MainThread]: On debug: select 1 as id
[0m04:44:25.694655 [debug] [MainThread]: Opening a new connection, currently in state init
[0m04:44:25.724034 [debug] [MainThread]: SQL status: OK in 0.029 seconds
[0m04:44:25.725465 [debug] [MainThread]: On debug: Close
[0m04:44:25.726061 [info ] [MainThread]:   Connection test: [[32mOK connection ok[0m]

[0m04:44:25.727024 [info ] [MainThread]: [31m1 check failed:[0m
[0m04:44:25.727900 [info ] [MainThread]: Project loading failed for the following reason:
 project path </workspaces/DW_lab_6730202663/dbt_project.yml> not found

[0m04:44:25.729686 [debug] [MainThread]: Resource report: {"command_name": "debug", "command_success": false, "command_wall_clock_time": 0.9614844, "process_in_blocks": "72960", "process_kernel_time": 0.350714, "process_mem_max_rss": "143912", "process_out_blocks": "56", "process_user_time": 2.095446}
[0m04:44:25.730669 [debug] [MainThread]: Command `dbt debug` failed at 04:44:25.730521 after 0.96 seconds
[0m04:44:25.731485 [debug] [MainThread]: Connection 'debug' was properly closed.
[0m04:44:25.732595 [debug] [MainThread]: Sending event: {'category': 'dbt', 'action': 'invocation', 'label': 'end', 'context': [<snowplow_tracker.self_describing_json.SelfDescribingJson object at 0x79f40f2d1430>, <snowplow_tracker.self_describing_json.SelfDescribingJson object at 0x79f40a315370>, <snowplow_tracker.self_describing_json.SelfDescribingJson object at 0x79f40ed1bfb0>]}
[0m04:44:25.733478 [debug] [MainThread]: Flushing usage events
[0m04:44:26.906022 [debug] [MainThread]: An error was encountered while trying to flush usage events
[0m02:21:48.837769 [debug] [MainThread]: Sending event: {'category': 'dbt', 'action': 'invocation', 'label': 'start', 'context': [<snowplow_tracker.self_describing_json.SelfDescribingJson object at 0x70f1ccf6d1f0>, <snowplow_tracker.self_describing_json.SelfDescribingJson object at 0x70f1ccfd5190>, <snowplow_tracker.self_describing_json.SelfDescribingJson object at 0x70f1cd231b50>]}


============================== 02:21:48.847211 | 8a26da60-3fda-4182-b029-60fcadc42daa ==============================
[0m02:21:48.847211 [info ] [MainThread]: Running with dbt=1.11.12
[0m02:21:48.848333 [debug] [MainThread]: running dbt with arguments {'version_check': 'True', 'static_parser': 'True', 'fail_fast': 'False', 'target_path': 'None', 'warn_error': 'None', 'debug': 'False', 'partial_parse': 'True', 'invocation_command': 'dbt init northwindDW_duckdb2', 'empty': 'None', 'indirect_selection': 'eager', 'use_experimental_parser': 'False', 'printer_width': '80', 'use_colors': 'True', 'warn_error_options': 'WarnErrorOptionsV2(error=[], warn=[], silence=[])', 'no_print': 'None', 'introspect': 'True', 'log_format': 'default', 'log_cache_events': 'False', 'send_anonymous_usage_stats': 'True', 'log_path': 'logs', 'cache_selected_only': 'False', 'quiet': 'False', 'write_json': 'True', 'profiles_dir': '/home/codespace/.dbt'}
[0m02:21:48.873010 [debug] [MainThread]: Starter project path: /usr/local/python/3.12.1/lib/python3.12/site-packages/dbt/include/starter_project
[0m02:21:48.878685 [info ] [MainThread]: 
Your new dbt project "northwindDW_duckdb2" was created!

For more information on how to configure the profiles.yml file,
please consult the dbt documentation here:

  https://docs.getdbt.com/docs/configure-your-profile

One more thing:

Need help? Don't hesitate to reach out to us via GitHub issues or on Slack:

  https://community.getdbt.com/

Happy modeling!

[0m02:21:48.879670 [info ] [MainThread]: Setting up your profile.
[0m02:21:53.250416 [debug] [MainThread]: Resource report: {"command_name": "init", "command_success": true, "command_wall_clock_time": 4.516736, "process_in_blocks": "18536", "process_kernel_time": 0.300533, "process_mem_max_rss": "156020", "process_out_blocks": "80", "process_user_time": 3.0589}
[0m02:21:53.251153 [debug] [MainThread]: Command `dbt init` succeeded at 02:21:53.251007 after 4.52 seconds
[0m02:21:53.251735 [debug] [MainThread]: Sending event: {'category': 'dbt', 'action': 'invocation', 'label': 'end', 'context': [<snowplow_tracker.self_describing_json.SelfDescribingJson object at 0x70f1cbfeb440>, <snowplow_tracker.self_describing_json.SelfDescribingJson object at 0x70f1cc426b40>, <snowplow_tracker.self_describing_json.SelfDescribingJson object at 0x70f1cc1360f0>]}
[0m02:21:53.252315 [debug] [MainThread]: Flushing usage events
[0m02:21:54.294821 [debug] [MainThread]: An error was encountered while trying to flush usage events
[0m03:24:30.736321 [debug] [MainThread]: Sending event: {'category': 'dbt', 'action': 'invocation', 'label': 'start', 'context': [<snowplow_tracker.self_describing_json.SelfDescribingJson object at 0x77e496066240>, <snowplow_tracker.self_describing_json.SelfDescribingJson object at 0x77e495d7fe00>, <snowplow_tracker.self_describing_json.SelfDescribingJson object at 0x77e495808bf0>]}


============================== 03:24:30.839181 | 0f3a8a3e-2a82-4be6-91c0-7d13fc0d0822 ==============================
[0m03:24:30.839181 [info ] [MainThread]: Running with dbt=1.11.12
[0m03:24:30.840717 [debug] [MainThread]: running dbt with arguments {'introspect': 'True', 'printer_width': '80', 'fail_fast': 'False', 'empty': 'None', 'debug': 'False', 'use_colors': 'True', 'log_format': 'default', 'no_print': 'None', 'indirect_selection': 'eager', 'profiles_dir': '/home/codespace/.dbt', 'version_check': 'True', 'use_experimental_parser': 'False', 'warn_error_options': 'WarnErrorOptionsV2(error=[], warn=[], silence=[])', 'static_parser': 'True', 'log_path': 'logs', 'log_cache_events': 'False', 'invocation_command': 'dbt debug', 'target_path': 'None', 'cache_selected_only': 'False', 'send_anonymous_usage_stats': 'True', 'warn_error': 'None', 'quiet': 'False', 'partial_parse': 'True', 'write_json': 'True'}
[0m03:24:30.924923 [info ] [MainThread]: dbt version: 1.11.12
[0m03:24:30.926026 [info ] [MainThread]: python version: 3.12.1
[0m03:24:30.926942 [info ] [MainThread]: python path: /usr/local/python/3.12.1/bin/python3
[0m03:24:30.927817 [info ] [MainThread]: os info: Linux-6.8.0-1052-azure-x86_64-with-glibc2.39
[0m03:24:31.648949 [info ] [MainThread]: Using profiles dir at /home/codespace/.dbt
[0m03:24:31.649788 [info ] [MainThread]: Using profiles.yml file at /home/codespace/.dbt/profiles.yml
[0m03:24:31.650506 [info ] [MainThread]: Using dbt_project.yml file at /workspaces/DW_lab_6730202663/dbt_project.yml
[0m03:24:31.651275 [error] [MainThread]: Encountered an error:
Internal Error
  Profile should not be None if loading profile completed
[0m03:24:31.652592 [debug] [MainThread]: Resource report: {"command_name": "debug", "command_success": false, "command_wall_clock_time": 1.0236698, "process_in_blocks": "106312", "process_kernel_time": 0.328121, "process_mem_max_rss": "157864", "process_out_blocks": "8", "process_user_time": 3.505933}
[0m03:24:31.653274 [debug] [MainThread]: Command `dbt debug` failed at 03:24:31.653121 after 1.02 seconds
[0m03:24:31.653821 [debug] [MainThread]: Sending event: {'category': 'dbt', 'action': 'invocation', 'label': 'end', 'context': [<snowplow_tracker.self_describing_json.SelfDescribingJson object at 0x77e49522e270>, <snowplow_tracker.self_describing_json.SelfDescribingJson object at 0x77e4957603b0>, <snowplow_tracker.self_describing_json.SelfDescribingJson object at 0x77e494da7050>]}
[0m03:24:31.654420 [debug] [MainThread]: Flushing usage events
[0m03:24:32.666345 [debug] [MainThread]: An error was encountered while trying to flush usage events
[0m03:25:58.695550 [debug] [MainThread]: Sending event: {'category': 'dbt', 'action': 'invocation', 'label': 'start', 'context': [<snowplow_tracker.self_describing_json.SelfDescribingJson object at 0x7d3ab8160500>, <snowplow_tracker.self_describing_json.SelfDescribingJson object at 0x7d3aba433e30>, <snowplow_tracker.self_describing_json.SelfDescribingJson object at 0x7d3ab7e8b020>]}


============================== 03:25:58.712533 | 33cb96a2-a14c-4314-aaa4-851ee71b2800 ==============================
[0m03:25:58.712533 [info ] [MainThread]: Running with dbt=1.11.12
[0m03:25:58.714955 [debug] [MainThread]: running dbt with arguments {'invocation_command': 'dbt run', 'warn_error_options': 'WarnErrorOptionsV2(error=[], warn=[], silence=[])', 'send_anonymous_usage_stats': 'True', 'warn_error': 'None', 'write_json': 'True', 'use_colors': 'True', 'log_format': 'default', 'profiles_dir': '/home/codespace/.dbt', 'quiet': 'False', 'no_print': 'None', 'printer_width': '80', 'use_experimental_parser': 'False', 'indirect_selection': 'eager', 'debug': 'False', 'partial_parse': 'True', 'introspect': 'True', 'static_parser': 'True', 'empty': 'False', 'target_path': 'None', 'cache_selected_only': 'False', 'log_cache_events': 'False', 'log_path': 'logs', 'version_check': 'True', 'fail_fast': 'False'}
[0m03:25:58.717863 [error] [MainThread]: Encountered an error:
Runtime Error
  No dbt_project.yml found at expected path /workspaces/DW_lab_6730202663/dbt_project.yml
  Verify that each entry within packages.yml (and their transitive dependencies) contains a file named dbt_project.yml
  
[0m03:25:58.721402 [debug] [MainThread]: Resource report: {"command_name": "run", "command_success": false, "command_wall_clock_time": 0.10731014, "process_in_blocks": "0", "process_kernel_time": 0.241831, "process_mem_max_rss": "118732", "process_out_blocks": "8", "process_user_time": 3.170568}
[0m03:25:58.725086 [debug] [MainThread]: Command `dbt run` failed at 03:25:58.724919 after 0.11 seconds
[0m03:25:58.727525 [debug] [MainThread]: Sending event: {'category': 'dbt', 'action': 'invocation', 'label': 'end', 'context': [<snowplow_tracker.self_describing_json.SelfDescribingJson object at 0x7d3ab79fb080>, <snowplow_tracker.self_describing_json.SelfDescribingJson object at 0x7d3ab8160500>, <snowplow_tracker.self_describing_json.SelfDescribingJson object at 0x7d3ab7a9e240>]}
[0m03:25:58.730963 [debug] [MainThread]: Flushing usage events
[0m03:25:59.724737 [debug] [MainThread]: An error was encountered while trying to flush usage events
[0m03:28:24.344257 [debug] [MainThread]: Sending event: {'category': 'dbt', 'action': 'invocation', 'label': 'start', 'context': [<snowplow_tracker.self_describing_json.SelfDescribingJson object at 0x772cab125220>, <snowplow_tracker.self_describing_json.SelfDescribingJson object at 0x772caadb7fe0>, <snowplow_tracker.self_describing_json.SelfDescribingJson object at 0x772caab46390>]}


============================== 03:28:24.349504 | a86a1089-1110-4ab8-927e-9b17183fd367 ==============================
[0m03:28:24.349504 [info ] [MainThread]: Running with dbt=1.11.12
[0m03:28:24.350624 [debug] [MainThread]: running dbt with arguments {'warn_error': 'None', 'invocation_command': 'dbt debug', 'log_path': 'logs', 'no_print': 'None', 'log_format': 'default', 'indirect_selection': 'eager', 'fail_fast': 'False', 'quiet': 'False', 'use_colors': 'True', 'version_check': 'True', 'target_path': 'None', 'use_experimental_parser': 'False', 'partial_parse': 'True', 'warn_error_options': 'WarnErrorOptionsV2(error=[], warn=[], silence=[])', 'printer_width': '80', 'log_cache_events': 'False', 'send_anonymous_usage_stats': 'True', 'cache_selected_only': 'False', 'static_parser': 'True', 'empty': 'None', 'debug': 'False', 'introspect': 'True', 'profiles_dir': '/home/codespace/.dbt', 'write_json': 'True'}
[0m03:28:24.366955 [info ] [MainThread]: dbt version: 1.11.12
[0m03:28:24.367773 [info ] [MainThread]: python version: 3.12.1
[0m03:28:24.368542 [info ] [MainThread]: python path: /usr/local/python/3.12.1/bin/python3
[0m03:28:24.369406 [info ] [MainThread]: os info: Linux-6.8.0-1052-azure-x86_64-with-glibc2.39
[0m03:28:24.585689 [info ] [MainThread]: Using profiles dir at /home/codespace/.dbt
[0m03:28:24.586494 [info ] [MainThread]: Using profiles.yml file at /home/codespace/.dbt/profiles.yml
[0m03:28:24.587063 [info ] [MainThread]: Using dbt_project.yml file at /workspaces/DW_lab_6730202663/dbt_project.yml
[0m03:28:24.587834 [error] [MainThread]: Encountered an error:
Internal Error
  Profile should not be None if loading profile completed
[0m03:28:24.589089 [debug] [MainThread]: Resource report: {"command_name": "debug", "command_success": false, "command_wall_clock_time": 0.32264864, "process_in_blocks": "56", "process_kernel_time": 0.254845, "process_mem_max_rss": "156480", "process_out_blocks": "16", "process_user_time": 3.447789}
[0m03:28:24.589789 [debug] [MainThread]: Command `dbt debug` failed at 03:28:24.589662 after 0.32 seconds
[0m03:28:24.590351 [debug] [MainThread]: Sending event: {'category': 'dbt', 'action': 'invocation', 'label': 'end', 'context': [<snowplow_tracker.self_describing_json.SelfDescribingJson object at 0x772caceafda0>, <snowplow_tracker.self_describing_json.SelfDescribingJson object at 0x772caa0cdaf0>, <snowplow_tracker.self_describing_json.SelfDescribingJson object at 0x772caa349c40>]}
[0m03:28:24.590918 [debug] [MainThread]: Flushing usage events
[0m03:28:25.531958 [debug] [MainThread]: An error was encountered while trying to flush usage events
